20:42:53  DEBUG org.testng.internal.Graph - [Graph] ADDING NODE TestBase.setUp()[pri:0, instance:null] 2045031788
20:42:53  DEBUG org.testng.internal.Graph - [Graph] ================ SORTING
20:42:53  DEBUG org.testng.internal.Graph - [Graph] =============== DONE SORTING
20:42:53  DEBUG org.testng.internal.Graph - [Graph] ====== SORTED NODES
20:42:53  DEBUG org.testng.internal.Graph - [Graph] ====== END SORTED NODES
20:42:53  DEBUG org.testng.internal.Graph - [Graph] ADDING NODE TestBase.stop()[pri:0, instance:null] 2136378353
20:42:53  DEBUG org.testng.internal.Graph - [Graph] ================ SORTING
20:42:53  DEBUG org.testng.internal.Graph - [Graph] =============== DONE SORTING
20:42:53  DEBUG org.testng.internal.Graph - [Graph] ====== SORTED NODES
20:42:53  DEBUG org.testng.internal.Graph - [Graph] ====== END SORTED NODES
20:42:53  DEBUG org.testng.internal.Graph - [Graph] ADDING NODE TestBase.startLogger(java.lang.reflect.Method)[pri:0, instance:null] -68692127
20:42:53  DEBUG org.testng.internal.Graph - [Graph] ================ SORTING
20:42:53  DEBUG org.testng.internal.Graph - [Graph] =============== DONE SORTING
20:42:53  DEBUG org.testng.internal.Graph - [Graph] ====== SORTED NODES
20:42:53  DEBUG org.testng.internal.Graph - [Graph] ====== END SORTED NODES
20:42:53  DEBUG org.testng.internal.Graph - [Graph] ADDING NODE TestBase.finishLog()[pri:0, instance:null] 1549693568
20:42:53  DEBUG org.testng.internal.Graph - [Graph] ================ SORTING
20:42:53  DEBUG org.testng.internal.Graph - [Graph] =============== DONE SORTING
20:42:53  DEBUG org.testng.internal.Graph - [Graph] ====== SORTED NODES
20:42:53  DEBUG org.testng.internal.Graph - [Graph] ====== END SORTED NODES
20:42:53  DEBUG org.testng.internal.Graph - [Graph] ADDING NODE TestBase.setUp()[pri:0, instance:tests.UserModification@ac1bf81] -848054379
20:42:53  DEBUG org.testng.internal.Graph - [Graph] ================ SORTING
20:42:53  DEBUG org.testng.internal.Graph - [Graph] =============== DONE SORTING
20:42:53  DEBUG org.testng.internal.Graph - [Graph] ====== SORTED NODES
20:42:53  DEBUG org.testng.internal.Graph - [Graph] ====== END SORTED NODES
20:42:53  DEBUG org.testng.internal.Graph - [Graph] ADDING NODE UserModification.changeAvatar()[pri:0, instance:tests.UserModification@ac1bf81] 23727717
20:42:53  DEBUG org.testng.internal.Graph - [Graph] ADDING NODE UserModification.testNewTab()[pri:0, instance:tests.UserModification@ac1bf81] 993952079
20:42:53  DEBUG org.testng.internal.Graph - [Graph] ================ SORTING
20:42:53  DEBUG org.testng.internal.Graph - [Graph] =============== DONE SORTING
20:42:53  DEBUG org.testng.internal.Graph - [Graph] ====== SORTED NODES
20:42:53  DEBUG org.testng.internal.Graph - [Graph] ====== END SORTED NODES
20:42:53  DEBUG org.testng.internal.Graph - [Graph] ADDING NODE TestBase.stop()[pri:0, instance:tests.UserModification@ac1bf81] 1983689136
20:42:53  DEBUG org.testng.internal.Graph - [Graph] ================ SORTING
20:42:53  DEBUG org.testng.internal.Graph - [Graph] =============== DONE SORTING
20:42:53  DEBUG org.testng.internal.Graph - [Graph] ====== SORTED NODES
20:42:53  DEBUG org.testng.internal.Graph - [Graph] ====== END SORTED NODES
20:42:53  DEBUG i.n.u.i.l.InternalLoggerFactory - Using SLF4J as the default logging framework
20:42:53  DEBUG io.netty.util.ResourceLeakDetector - -Dio.netty.leakDetection.level: simple
20:42:53  DEBUG io.netty.util.ResourceLeakDetector - -Dio.netty.leakDetection.targetRecords: 4
20:42:53  DEBUG i.n.util.ResourceLeakDetectorFactory - Loaded default ResourceLeakDetector: io.netty.util.ResourceLeakDetector@137467d6
20:42:53  DEBUG i.n.util.internal.PlatformDependent0 - -Dio.netty.noUnsafe: false
20:42:53  DEBUG i.n.util.internal.PlatformDependent0 - Java version: 8
20:42:53  DEBUG i.n.util.internal.PlatformDependent0 - sun.misc.Unsafe.theUnsafe: available
20:42:53  DEBUG i.n.util.internal.PlatformDependent0 - sun.misc.Unsafe.copyMemory: available
20:42:53  DEBUG i.n.util.internal.PlatformDependent0 - sun.misc.Unsafe.storeFence: available
20:42:53  DEBUG i.n.util.internal.PlatformDependent0 - java.nio.Buffer.address: available
20:42:53  DEBUG i.n.util.internal.PlatformDependent0 - direct buffer constructor: available
20:42:53  DEBUG i.n.util.internal.PlatformDependent0 - java.nio.Bits.unaligned: available, true
20:42:53  DEBUG i.n.util.internal.PlatformDependent0 - jdk.internal.misc.Unsafe.allocateUninitializedArray(int): unavailable prior to Java9
20:42:53  DEBUG i.n.util.internal.PlatformDependent0 - java.nio.DirectByteBuffer.<init>(long, int): available
20:42:53  DEBUG i.n.util.internal.PlatformDependent - sun.misc.Unsafe: available
20:42:53  DEBUG i.n.util.internal.PlatformDependent - -Dio.netty.tmpdir: C:\Users\julia\AppData\Local\Temp (java.io.tmpdir)
20:42:53  DEBUG i.n.util.internal.PlatformDependent - -Dio.netty.bitMode: 64 (sun.arch.data.model)
20:42:53  DEBUG i.n.util.internal.PlatformDependent - Platform: Windows
20:42:53  DEBUG i.n.util.internal.PlatformDependent - -Dio.netty.maxDirectMemory: 477626368 bytes
20:42:53  DEBUG i.n.util.internal.PlatformDependent - -Dio.netty.uninitializedArrayAllocationThreshold: -1
20:42:53  DEBUG io.netty.util.internal.CleanerJava6 - java.nio.ByteBuffer.cleaner(): available
20:42:53  DEBUG i.n.util.internal.PlatformDependent - -Dio.netty.noPreferDirect: false
20:42:53  DEBUG i.n.util.internal.PlatformDependent - org.jctools-core.MpscChunkedArrayQueue: available
20:42:53  DEBUG i.n.u.i.InternalThreadLocalMap - -Dio.netty.threadLocalMap.stringBuilder.initialSize: 1024
20:42:53  DEBUG i.n.u.i.InternalThreadLocalMap - -Dio.netty.threadLocalMap.stringBuilder.maxSize: 4096
20:42:54  DEBUG io.netty.handler.ssl.JdkSslContext - Default protocols (JDK): [TLSv1.2] 
20:42:54  DEBUG io.netty.handler.ssl.JdkSslContext - Default cipher suites (JDK): [TLS_ECDHE_ECDSA_WITH_AES_256_GCM_SHA384, TLS_ECDHE_ECDSA_WITH_AES_128_GCM_SHA256, TLS_ECDHE_RSA_WITH_AES_128_GCM_SHA256, TLS_ECDHE_RSA_WITH_AES_256_GCM_SHA384, TLS_ECDHE_RSA_WITH_AES_128_CBC_SHA, TLS_ECDHE_RSA_WITH_AES_256_CBC_SHA, TLS_RSA_WITH_AES_128_GCM_SHA256, TLS_RSA_WITH_AES_128_CBC_SHA, TLS_RSA_WITH_AES_256_CBC_SHA, TLS_AES_128_GCM_SHA256, TLS_AES_256_GCM_SHA384]
20:42:54  DEBUG i.n.c.MultithreadEventLoopGroup - -Dio.netty.eventLoopThreads: 16
20:42:54  DEBUG io.netty.channel.nio.NioEventLoop - -Dio.netty.noKeySetOptimization: false
20:42:54  DEBUG io.netty.channel.nio.NioEventLoop - -Dio.netty.selectorAutoRebuildThreshold: 512
20:42:54  DEBUG i.n.buffer.PooledByteBufAllocator - -Dio.netty.allocator.numHeapArenas: 16
20:42:54  DEBUG i.n.buffer.PooledByteBufAllocator - -Dio.netty.allocator.numDirectArenas: 16
20:42:54  DEBUG i.n.buffer.PooledByteBufAllocator - -Dio.netty.allocator.pageSize: 8192
20:42:54  DEBUG i.n.buffer.PooledByteBufAllocator - -Dio.netty.allocator.maxOrder: 9
20:42:54  DEBUG i.n.buffer.PooledByteBufAllocator - -Dio.netty.allocator.chunkSize: 4194304
20:42:54  DEBUG i.n.buffer.PooledByteBufAllocator - -Dio.netty.allocator.smallCacheSize: 256
20:42:54  DEBUG i.n.buffer.PooledByteBufAllocator - -Dio.netty.allocator.normalCacheSize: 64
20:42:54  DEBUG i.n.buffer.PooledByteBufAllocator - -Dio.netty.allocator.maxCachedBufferCapacity: 32768
20:42:54  DEBUG i.n.buffer.PooledByteBufAllocator - -Dio.netty.allocator.cacheTrimInterval: 8192
20:42:54  DEBUG i.n.buffer.PooledByteBufAllocator - -Dio.netty.allocator.cacheTrimIntervalMillis: 0
20:42:54  DEBUG i.n.buffer.PooledByteBufAllocator - -Dio.netty.allocator.useCacheForAllThreads: false
20:42:54  DEBUG i.n.buffer.PooledByteBufAllocator - -Dio.netty.allocator.maxCachedByteBuffersPerChunk: 1023
20:42:54  DEBUG io.netty.buffer.ByteBufUtil - -Dio.netty.allocator.type: pooled
20:42:54  DEBUG io.netty.buffer.ByteBufUtil - -Dio.netty.threadLocalDirectBufferSize: 0
20:42:54  DEBUG io.netty.buffer.ByteBufUtil - -Dio.netty.maxThreadLocalCharBufferSize: 16384
20:42:55  DEBUG io.netty.channel.DefaultChannelId - -Dio.netty.processId: 22780 (auto-detected)
20:42:55  DEBUG io.netty.util.NetUtil - -Djava.net.preferIPv4Stack: false
20:42:55  DEBUG io.netty.util.NetUtil - -Djava.net.preferIPv6Addresses: false
20:42:55  DEBUG io.netty.util.NetUtilInitializations - Loopback interface: lo (Software Loopback Interface 1, 127.0.0.1)
20:42:55  DEBUG io.netty.util.NetUtil - Failed to get SOMAXCONN from sysctl and file \proc\sys\net\core\somaxconn. Default: 200
20:42:55  DEBUG io.netty.channel.DefaultChannelId - -Dio.netty.machineId: 18:47:3d:ff:fe:8b:ed:65 (auto-detected)
20:42:55  DEBUG io.netty.buffer.AbstractByteBuf - -Dio.netty.buffer.checkAccessible: true
20:42:55  DEBUG io.netty.buffer.AbstractByteBuf - -Dio.netty.buffer.checkBounds: true
20:42:55  DEBUG i.n.util.ResourceLeakDetectorFactory - Loaded default ResourceLeakDetector: io.netty.util.ResourceLeakDetector@1fbf4432
20:42:55  DEBUG o.a.n.channel.NettyConnectListener - Using new Channel '[id: 0xd1b5aefc, L:/127.0.0.1:54679 - R:localhost/127.0.0.1:53491]' for 'POST' to '/session'
20:42:55  DEBUG io.netty.util.Recycler - -Dio.netty.recycler.maxCapacityPerThread: 4096
20:42:55  DEBUG io.netty.util.Recycler - -Dio.netty.recycler.ratio: 8
20:42:55  DEBUG io.netty.util.Recycler - -Dio.netty.recycler.chunkSize: 32
20:42:55  DEBUG io.netty.util.Recycler - -Dio.netty.recycler.blocking: false
20:42:56  DEBUG i.n.handler.codec.compression.Brotli - brotli4j not in the classpath; Brotli support will be unavailable.
20:42:56  DEBUG o.a.netty.handler.HttpHandler - 

Request DefaultHttpRequest(decodeResult: success, version: HTTP/1.1)
POST /session HTTP/1.1
User-Agent: selenium/4.4.0 (java windows)
Content-Length: 365
Content-Type: application/json; charset=utf-8
host: localhost:53491
accept: */*

Response DefaultHttpResponse(decodeResult: success, version: HTTP/1.1)
HTTP/1.1 200 OK
Content-Type: application/json; charset=utf-8
cache-control: no-cache
content-length: 791

20:42:56  DEBUG o.a.netty.channel.ChannelManager - Adding key: http://localhost:53491 for channel [id: 0xd1b5aefc, L:/127.0.0.1:54679 - R:localhost/127.0.0.1:53491]
20:42:56  DEBUG o.a.netty.channel.DefaultChannelPool - Entry count for : http://localhost:53491 : 1
20:42:56  DEBUG o.a.n.channel.NettyConnectListener - Using new Channel '[id: 0xde75be22, L:/127.0.0.1:54687 - R:localhost/127.0.0.1:54680]' for 'GET' to '/json/version'
20:42:56  DEBUG o.a.netty.handler.HttpHandler - 

Request DefaultFullHttpRequest(decodeResult: success, version: HTTP/1.1, content: EmptyByteBufBE)
GET /json/version HTTP/1.1
User-Agent: selenium/4.4.0 (java windows)
host: localhost:54680
accept: */*

Response DefaultHttpResponse(decodeResult: success, version: HTTP/1.1)
HTTP/1.1 200 OK
Content-Type: application/json; charset=UTF-8
content-length: 422

20:42:56  DEBUG o.a.netty.channel.ChannelManager - Adding key: http://localhost:54680 for channel [id: 0xde75be22, L:/127.0.0.1:54687 - R:localhost/127.0.0.1:54680]
20:42:56  DEBUG i.n.util.internal.ThreadLocalRandom - -Dio.netty.initialSeedUniquifier: 0x13dd419e14277e26
20:42:56  DEBUG o.a.n.channel.NettyConnectListener - Using new Channel '[id: 0x22742702, L:/127.0.0.1:54688 - R:localhost/127.0.0.1:54680]' for 'GET' to '/devtools/browser/f14723c6-8ad8-4f33-8dcf-5cda3b5738f4'
20:42:56  DEBUG o.a.netty.handler.WebSocketHandler - 

Request DefaultFullHttpRequest(decodeResult: success, version: HTTP/1.1, content: EmptyByteBufBE)
GET /devtools/browser/f14723c6-8ad8-4f33-8dcf-5cda3b5738f4 HTTP/1.1
upgrade: websocket
connection: upgrade
sec-websocket-key: 3lCUpQAwozSp2ra0UyP0Ow==
sec-websocket-version: 13
origin: http://localhost:54680
host: localhost:54680
accept: */*
user-agent: AHC/2.1

Response DefaultHttpResponse(decodeResult: success, version: HTTP/1.1)
HTTP/1.1 101 WebSocket Protocol Handshake
Upgrade: WebSocket
Connection: Upgrade
Sec-WebSocket-Accept: oVZm//ZmGPA0t/7v/m4HK2svFAA=

20:42:56  INFO  manage.ApplicationManager - Tests start in Chrome--
20:42:56  DEBUG o.a.netty.request.NettyRequestSender - Using pooled Channel '[id: 0xd1b5aefc, L:/127.0.0.1:54679 - R:localhost/127.0.0.1:53491]' for 'POST' to 'http://localhost:53491/session/99f913e16d2e0a46c7ec60093a870bb9/window/maximize'
20:42:56  DEBUG o.a.netty.request.NettyRequestSender - Using open Channel [id: 0xd1b5aefc, L:/127.0.0.1:54679 - R:localhost/127.0.0.1:53491] for POST '/session/99f913e16d2e0a46c7ec60093a870bb9/window/maximize'
20:42:56  DEBUG o.a.netty.handler.HttpHandler - 

Request DefaultHttpRequest(decodeResult: success, version: HTTP/1.1)
POST /session/99f913e16d2e0a46c7ec60093a870bb9/window/maximize HTTP/1.1
User-Agent: selenium/4.4.0 (java windows)
Content-Length: 3
Content-Type: application/json; charset=utf-8
host: localhost:53491
accept: */*

Response DefaultHttpResponse(decodeResult: success, version: HTTP/1.1)
HTTP/1.1 200 OK
Content-Type: application/json; charset=utf-8
cache-control: no-cache
content-length: 51

20:42:56  DEBUG o.a.netty.channel.ChannelManager - Adding key: http://localhost:53491 for channel [id: 0xd1b5aefc, L:/127.0.0.1:54679 - R:localhost/127.0.0.1:53491]
20:42:56  DEBUG o.a.netty.request.NettyRequestSender - Using pooled Channel '[id: 0xd1b5aefc, L:/127.0.0.1:54679 - R:localhost/127.0.0.1:53491]' for 'POST' to 'http://localhost:53491/session/99f913e16d2e0a46c7ec60093a870bb9/timeouts'
20:42:56  DEBUG o.a.netty.request.NettyRequestSender - Using open Channel [id: 0xd1b5aefc, L:/127.0.0.1:54679 - R:localhost/127.0.0.1:53491] for POST '/session/99f913e16d2e0a46c7ec60093a870bb9/timeouts'
20:42:56  DEBUG o.a.netty.handler.HttpHandler - 

Request DefaultHttpRequest(decodeResult: success, version: HTTP/1.1)
POST /session/99f913e16d2e0a46c7ec60093a870bb9/timeouts HTTP/1.1
User-Agent: selenium/4.4.0 (java windows)
Content-Length: 22
Content-Type: application/json; charset=utf-8
host: localhost:53491
accept: */*

Response DefaultHttpResponse(decodeResult: success, version: HTTP/1.1)
HTTP/1.1 200 OK
Content-Type: application/json; charset=utf-8
cache-control: no-cache
content-length: 14

20:42:56  DEBUG o.a.netty.channel.ChannelManager - Adding key: http://localhost:53491 for channel [id: 0xd1b5aefc, L:/127.0.0.1:54679 - R:localhost/127.0.0.1:53491]
20:42:56  DEBUG o.a.netty.request.NettyRequestSender - Using pooled Channel '[id: 0xd1b5aefc, L:/127.0.0.1:54679 - R:localhost/127.0.0.1:53491]' for 'POST' to 'http://localhost:53491/session/99f913e16d2e0a46c7ec60093a870bb9/url'
20:42:56  DEBUG o.a.netty.request.NettyRequestSender - Using open Channel [id: 0xd1b5aefc, L:/127.0.0.1:54679 - R:localhost/127.0.0.1:53491] for POST '/session/99f913e16d2e0a46c7ec60093a870bb9/url'
20:42:57  DEBUG o.a.netty.channel.DefaultChannelPool - Entry count for : http://localhost:54680 : 1
20:42:58  DEBUG o.a.netty.channel.DefaultChannelPool - Entry count for : http://localhost:54680 : 1
20:42:59  DEBUG o.a.netty.channel.DefaultChannelPool - Entry count for : http://localhost:54680 : 1
20:43:00  DEBUG o.a.netty.channel.DefaultChannelPool - Entry count for : http://localhost:54680 : 1
20:43:01  DEBUG o.a.netty.channel.DefaultChannelPool - Entry count for : http://localhost:54680 : 1
20:43:03  DEBUG o.a.netty.channel.DefaultChannelPool - Entry count for : http://localhost:54680 : 1
20:43:04  DEBUG o.a.netty.channel.DefaultChannelPool - Entry count for : http://localhost:54680 : 1
20:43:05  DEBUG o.a.netty.channel.DefaultChannelPool - Entry count for : http://localhost:54680 : 1
20:43:06  DEBUG o.a.netty.channel.DefaultChannelPool - Entry count for : http://localhost:54680 : 1
20:43:07  DEBUG o.a.netty.channel.DefaultChannelPool - Entry count for : http://localhost:54680 : 1
20:43:08  DEBUG o.a.netty.channel.DefaultChannelPool - Entry count for : http://localhost:54680 : 1
20:43:09  DEBUG o.a.netty.channel.DefaultChannelPool - Entry count for : http://localhost:54680 : 1
20:43:10  DEBUG o.a.netty.channel.DefaultChannelPool - Entry count for : http://localhost:54680 : 1
20:43:11  DEBUG o.a.netty.channel.DefaultChannelPool - Entry count for : http://localhost:54680 : 1
20:43:12  DEBUG o.a.netty.channel.DefaultChannelPool - Entry count for : http://localhost:54680 : 1
20:43:14  DEBUG o.a.netty.channel.DefaultChannelPool - Entry count for : http://localhost:54680 : 1
20:43:15  DEBUG o.a.netty.channel.DefaultChannelPool - Entry count for : http://localhost:54680 : 1
20:43:16  DEBUG o.a.netty.channel.DefaultChannelPool - Entry count for : http://localhost:54680 : 1
20:43:17  DEBUG o.a.netty.channel.DefaultChannelPool - Entry count for : http://localhost:54680 : 1
20:43:18  DEBUG o.a.netty.channel.DefaultChannelPool - Entry count for : http://localhost:54680 : 1
20:43:19  DEBUG o.a.netty.channel.DefaultChannelPool - Entry count for : http://localhost:54680 : 1
20:43:20  DEBUG o.a.netty.channel.DefaultChannelPool - Entry count for : http://localhost:54680 : 1
20:43:21  DEBUG o.a.netty.channel.DefaultChannelPool - Entry count for : http://localhost:54680 : 1
20:43:22  DEBUG o.a.netty.channel.DefaultChannelPool - Entry count for : http://localhost:54680 : 1
20:43:23  DEBUG o.a.netty.channel.DefaultChannelPool - Entry count for : http://localhost:54680 : 1
20:43:25  DEBUG o.a.netty.channel.DefaultChannelPool - Entry count for : http://localhost:54680 : 1
20:43:26  DEBUG o.a.netty.channel.DefaultChannelPool - Entry count for : http://localhost:54680 : 1
20:43:27  DEBUG o.a.netty.channel.DefaultChannelPool - Entry count for : http://localhost:54680 : 1
20:43:28  DEBUG o.a.netty.channel.DefaultChannelPool - Entry count for : http://localhost:54680 : 1
20:43:29  DEBUG o.a.netty.channel.DefaultChannelPool - Entry count for : http://localhost:54680 : 1
20:43:30  DEBUG o.a.netty.channel.DefaultChannelPool - Entry count for : http://localhost:54680 : 1
20:43:31  DEBUG o.a.netty.channel.DefaultChannelPool - Entry count for : http://localhost:54680 : 1
20:43:32  DEBUG o.a.netty.channel.DefaultChannelPool - Entry count for : http://localhost:54680 : 1
20:43:33  DEBUG o.a.netty.channel.DefaultChannelPool - Entry count for : http://localhost:54680 : 1
20:43:34  DEBUG o.a.netty.channel.DefaultChannelPool - Entry count for : http://localhost:54680 : 1
20:43:36  DEBUG o.a.netty.channel.DefaultChannelPool - Entry count for : http://localhost:54680 : 1
20:43:37  DEBUG o.a.netty.channel.DefaultChannelPool - Entry count for : http://localhost:54680 : 1
20:43:38  DEBUG o.a.netty.channel.DefaultChannelPool - Entry count for : http://localhost:54680 : 1
20:43:39  DEBUG o.a.netty.channel.DefaultChannelPool - Entry count for : http://localhost:54680 : 1
20:43:40  DEBUG o.a.netty.channel.DefaultChannelPool - Entry count for : http://localhost:54680 : 1
20:43:41  DEBUG o.a.netty.channel.DefaultChannelPool - Entry count for : http://localhost:54680 : 1
20:43:42  DEBUG o.a.netty.channel.DefaultChannelPool - Entry count for : http://localhost:54680 : 1
20:43:43  DEBUG o.a.netty.channel.DefaultChannelPool - Entry count for : http://localhost:54680 : 1
20:43:44  DEBUG o.a.netty.channel.DefaultChannelPool - Entry count for : http://localhost:54680 : 1
20:43:45  DEBUG o.a.netty.channel.DefaultChannelPool - Entry count for : http://localhost:54680 : 1
20:43:47  DEBUG o.a.netty.channel.DefaultChannelPool - Entry count for : http://localhost:54680 : 1
20:43:48  DEBUG o.a.netty.channel.DefaultChannelPool - Entry count for : http://localhost:54680 : 1
20:43:49  DEBUG o.a.netty.channel.DefaultChannelPool - Entry count for : http://localhost:54680 : 1
20:43:50  DEBUG o.a.netty.channel.DefaultChannelPool - Entry count for : http://localhost:54680 : 1
20:43:51  DEBUG o.a.netty.channel.DefaultChannelPool - Entry count for : http://localhost:54680 : 1
20:43:52  DEBUG o.a.netty.channel.DefaultChannelPool - Entry count for : http://localhost:54680 : 1
20:43:53  DEBUG o.a.netty.channel.DefaultChannelPool - Entry count for : http://localhost:54680 : 1
20:43:54  DEBUG o.a.netty.channel.DefaultChannelPool - Entry count for : http://localhost:54680 : 1
20:43:55  DEBUG o.a.netty.channel.DefaultChannelPool - Entry count for : http://localhost:54680 : 1
20:43:56  DEBUG o.a.netty.channel.DefaultChannelPool - Entry count for : http://localhost:54680 : 1
20:43:56  DEBUG o.a.netty.channel.DefaultChannelPool - Adding Candidate expired Channel [id: 0xde75be22, L:/127.0.0.1:54687 - R:localhost/127.0.0.1:54680] isIdleTimeoutExpired=true isRemotelyClosed=false isTtlExpired=false
20:43:56  DEBUG o.a.netty.channel.DefaultChannelPool - Closing Idle Channel [id: 0xde75be22, L:/127.0.0.1:54687 - R:localhost/127.0.0.1:54680]
20:43:56  DEBUG o.a.netty.channel.DefaultChannelPool - Closed 1 connections out of 1 in 3 ms
20:43:56  DEBUG o.a.netty.handler.HttpHandler - Channel Closed: [id: 0xde75be22, L:/127.0.0.1:54687 ! R:localhost/127.0.0.1:54680] with attribute DISCARD
