20:42:59  DEBUG org.testng.TestNG - suiteXmlPath: "C:\Users\julia\Documents\QA\QA_Automation\QA\QA36_Trello2\src\test\resources\regress.xml"
20:42:59  DEBUG org.testng.internal.Graph - [Graph] ADDING NODE TestBase.setUp()[pri:0, instance:null] 2045031788
20:42:59  DEBUG org.testng.internal.Graph - [Graph] ================ SORTING
20:42:59  DEBUG org.testng.internal.Graph - [Graph] =============== DONE SORTING
20:42:59  DEBUG org.testng.internal.Graph - [Graph] ====== SORTED NODES
20:42:59  DEBUG org.testng.internal.Graph - [Graph] ====== END SORTED NODES
20:42:59  DEBUG org.testng.internal.Graph - [Graph] ADDING NODE TestBase.stop()[pri:0, instance:null] 2136378353
20:42:59  DEBUG org.testng.internal.Graph - [Graph] ================ SORTING
20:42:59  DEBUG org.testng.internal.Graph - [Graph] =============== DONE SORTING
20:42:59  DEBUG org.testng.internal.Graph - [Graph] ====== SORTED NODES
20:42:59  DEBUG org.testng.internal.Graph - [Graph] ====== END SORTED NODES
20:42:59  DEBUG org.testng.internal.Graph - [Graph] ADDING NODE TestBase.startLogger(java.lang.reflect.Method)[pri:0, instance:null] -68692127
20:42:59  DEBUG org.testng.internal.Graph - [Graph] ================ SORTING
20:42:59  DEBUG org.testng.internal.Graph - [Graph] =============== DONE SORTING
20:42:59  DEBUG org.testng.internal.Graph - [Graph] ====== SORTED NODES
20:42:59  DEBUG org.testng.internal.Graph - [Graph] ====== END SORTED NODES
20:42:59  DEBUG org.testng.internal.Graph - [Graph] ADDING NODE TestBase.finishLog()[pri:0, instance:null] 1549693568
20:42:59  DEBUG org.testng.internal.Graph - [Graph] ================ SORTING
20:42:59  DEBUG org.testng.internal.Graph - [Graph] =============== DONE SORTING
20:42:59  DEBUG org.testng.internal.Graph - [Graph] ====== SORTED NODES
20:42:59  DEBUG org.testng.internal.Graph - [Graph] ====== END SORTED NODES
20:42:59  DEBUG org.testng.internal.Graph - [Graph] ADDING NODE TestBase.setUp()[pri:0, instance:tests.BoardDeletion@6017b202] 583641622
20:42:59  DEBUG org.testng.internal.Graph - [Graph] ================ SORTING
20:42:59  DEBUG org.testng.internal.Graph - [Graph] =============== DONE SORTING
20:42:59  DEBUG org.testng.internal.Graph - [Graph] ====== SORTED NODES
20:42:59  DEBUG org.testng.internal.Graph - [Graph] ====== END SORTED NODES
20:42:59  DEBUG org.testng.internal.Graph - [Graph] ADDING NODE BoardDeletion.boardDeletion1()[pri:0, instance:tests.BoardDeletion@6017b202] 784601737
20:42:59  DEBUG org.testng.internal.Graph - [Graph] ================ SORTING
20:42:59  DEBUG org.testng.internal.Graph - [Graph] =============== DONE SORTING
20:42:59  DEBUG org.testng.internal.Graph - [Graph] ====== SORTED NODES
20:42:59  DEBUG org.testng.internal.Graph - [Graph] ====== END SORTED NODES
20:42:59  DEBUG org.testng.internal.Graph - [Graph] ADDING NODE TestBase.stop()[pri:0, instance:tests.BoardDeletion@6017b202] -879582159
20:42:59  DEBUG org.testng.internal.Graph - [Graph] ================ SORTING
20:42:59  DEBUG org.testng.internal.Graph - [Graph] =============== DONE SORTING
20:42:59  DEBUG org.testng.internal.Graph - [Graph] ====== SORTED NODES
20:42:59  DEBUG org.testng.internal.Graph - [Graph] ====== END SORTED NODES
20:42:59  DEBUG i.n.u.i.l.InternalLoggerFactory - Using SLF4J as the default logging framework
20:42:59  DEBUG io.netty.util.ResourceLeakDetector - -Dio.netty.leakDetection.level: simple
20:42:59  DEBUG io.netty.util.ResourceLeakDetector - -Dio.netty.leakDetection.targetRecords: 4
20:42:59  DEBUG i.n.util.ResourceLeakDetectorFactory - Loaded default ResourceLeakDetector: io.netty.util.ResourceLeakDetector@5539151
20:42:59  DEBUG i.n.util.internal.PlatformDependent0 - -Dio.netty.noUnsafe: false
20:42:59  DEBUG i.n.util.internal.PlatformDependent0 - Java version: 8
20:42:59  DEBUG i.n.util.internal.PlatformDependent0 - sun.misc.Unsafe.theUnsafe: available
20:42:59  DEBUG i.n.util.internal.PlatformDependent0 - sun.misc.Unsafe.copyMemory: available
20:42:59  DEBUG i.n.util.internal.PlatformDependent0 - sun.misc.Unsafe.storeFence: available
20:42:59  DEBUG i.n.util.internal.PlatformDependent0 - java.nio.Buffer.address: available
20:42:59  DEBUG i.n.util.internal.PlatformDependent0 - direct buffer constructor: available
20:42:59  DEBUG i.n.util.internal.PlatformDependent0 - java.nio.Bits.unaligned: available, true
20:42:59  DEBUG i.n.util.internal.PlatformDependent0 - jdk.internal.misc.Unsafe.allocateUninitializedArray(int): unavailable prior to Java9
20:42:59  DEBUG i.n.util.internal.PlatformDependent0 - java.nio.DirectByteBuffer.<init>(long, int): available
20:42:59  DEBUG i.n.util.internal.PlatformDependent - sun.misc.Unsafe: available
20:42:59  DEBUG i.n.util.internal.PlatformDependent - -Dio.netty.tmpdir: C:\Users\julia\AppData\Local\Temp (java.io.tmpdir)
20:42:59  DEBUG i.n.util.internal.PlatformDependent - -Dio.netty.bitMode: 64 (sun.arch.data.model)
20:42:59  DEBUG i.n.util.internal.PlatformDependent - Platform: Windows
20:42:59  DEBUG i.n.util.internal.PlatformDependent - -Dio.netty.maxDirectMemory: 477626368 bytes
20:42:59  DEBUG i.n.util.internal.PlatformDependent - -Dio.netty.uninitializedArrayAllocationThreshold: -1
20:42:59  DEBUG io.netty.util.internal.CleanerJava6 - java.nio.ByteBuffer.cleaner(): available
20:42:59  DEBUG i.n.util.internal.PlatformDependent - -Dio.netty.noPreferDirect: false
20:42:59  DEBUG i.n.util.internal.PlatformDependent - org.jctools-core.MpscChunkedArrayQueue: available
20:42:59  DEBUG i.n.u.i.InternalThreadLocalMap - -Dio.netty.threadLocalMap.stringBuilder.initialSize: 1024
20:42:59  DEBUG i.n.u.i.InternalThreadLocalMap - -Dio.netty.threadLocalMap.stringBuilder.maxSize: 4096
20:43:00  DEBUG io.netty.handler.ssl.JdkSslContext - Default protocols (JDK): [TLSv1.2] 
20:43:00  DEBUG io.netty.handler.ssl.JdkSslContext - Default cipher suites (JDK): [TLS_ECDHE_ECDSA_WITH_AES_256_GCM_SHA384, TLS_ECDHE_ECDSA_WITH_AES_128_GCM_SHA256, TLS_ECDHE_RSA_WITH_AES_128_GCM_SHA256, TLS_ECDHE_RSA_WITH_AES_256_GCM_SHA384, TLS_ECDHE_RSA_WITH_AES_128_CBC_SHA, TLS_ECDHE_RSA_WITH_AES_256_CBC_SHA, TLS_RSA_WITH_AES_128_GCM_SHA256, TLS_RSA_WITH_AES_128_CBC_SHA, TLS_RSA_WITH_AES_256_CBC_SHA, TLS_AES_128_GCM_SHA256, TLS_AES_256_GCM_SHA384]
20:43:00  DEBUG i.n.c.MultithreadEventLoopGroup - -Dio.netty.eventLoopThreads: 16
20:43:00  DEBUG io.netty.channel.nio.NioEventLoop - -Dio.netty.noKeySetOptimization: false
20:43:00  DEBUG io.netty.channel.nio.NioEventLoop - -Dio.netty.selectorAutoRebuildThreshold: 512
20:43:00  DEBUG i.n.buffer.PooledByteBufAllocator - -Dio.netty.allocator.numHeapArenas: 16
20:43:00  DEBUG i.n.buffer.PooledByteBufAllocator - -Dio.netty.allocator.numDirectArenas: 16
20:43:00  DEBUG i.n.buffer.PooledByteBufAllocator - -Dio.netty.allocator.pageSize: 8192
20:43:00  DEBUG i.n.buffer.PooledByteBufAllocator - -Dio.netty.allocator.maxOrder: 9
20:43:00  DEBUG i.n.buffer.PooledByteBufAllocator - -Dio.netty.allocator.chunkSize: 4194304
20:43:00  DEBUG i.n.buffer.PooledByteBufAllocator - -Dio.netty.allocator.smallCacheSize: 256
20:43:00  DEBUG i.n.buffer.PooledByteBufAllocator - -Dio.netty.allocator.normalCacheSize: 64
20:43:00  DEBUG i.n.buffer.PooledByteBufAllocator - -Dio.netty.allocator.maxCachedBufferCapacity: 32768
20:43:00  DEBUG i.n.buffer.PooledByteBufAllocator - -Dio.netty.allocator.cacheTrimInterval: 8192
20:43:00  DEBUG i.n.buffer.PooledByteBufAllocator - -Dio.netty.allocator.cacheTrimIntervalMillis: 0
20:43:00  DEBUG i.n.buffer.PooledByteBufAllocator - -Dio.netty.allocator.useCacheForAllThreads: false
20:43:00  DEBUG i.n.buffer.PooledByteBufAllocator - -Dio.netty.allocator.maxCachedByteBuffersPerChunk: 1023
20:43:00  DEBUG io.netty.buffer.ByteBufUtil - -Dio.netty.allocator.type: pooled
20:43:00  DEBUG io.netty.buffer.ByteBufUtil - -Dio.netty.threadLocalDirectBufferSize: 0
20:43:00  DEBUG io.netty.buffer.ByteBufUtil - -Dio.netty.maxThreadLocalCharBufferSize: 16384
20:43:01  DEBUG io.netty.channel.DefaultChannelId - -Dio.netty.processId: 87476 (auto-detected)
20:43:01  DEBUG io.netty.util.NetUtil - -Djava.net.preferIPv4Stack: false
20:43:01  DEBUG io.netty.util.NetUtil - -Djava.net.preferIPv6Addresses: false
20:43:01  DEBUG io.netty.util.NetUtilInitializations - Loopback interface: lo (Software Loopback Interface 1, 127.0.0.1)
20:43:01  DEBUG io.netty.util.NetUtil - Failed to get SOMAXCONN from sysctl and file \proc\sys\net\core\somaxconn. Default: 200
20:43:01  DEBUG io.netty.channel.DefaultChannelId - -Dio.netty.machineId: 18:47:3d:ff:fe:8b:ed:65 (auto-detected)
20:43:01  DEBUG io.netty.buffer.AbstractByteBuf - -Dio.netty.buffer.checkAccessible: true
20:43:01  DEBUG io.netty.buffer.AbstractByteBuf - -Dio.netty.buffer.checkBounds: true
20:43:01  DEBUG i.n.util.ResourceLeakDetectorFactory - Loaded default ResourceLeakDetector: io.netty.util.ResourceLeakDetector@2b92463e
20:43:01  DEBUG o.a.n.channel.NettyConnectListener - Using new Channel '[id: 0x7863fffe, L:/127.0.0.1:56573 - R:localhost/127.0.0.1:54543]' for 'POST' to '/session'
20:43:01  DEBUG io.netty.util.Recycler - -Dio.netty.recycler.maxCapacityPerThread: 4096
20:43:01  DEBUG io.netty.util.Recycler - -Dio.netty.recycler.ratio: 8
20:43:01  DEBUG io.netty.util.Recycler - -Dio.netty.recycler.chunkSize: 32
20:43:01  DEBUG io.netty.util.Recycler - -Dio.netty.recycler.blocking: false
20:43:02  DEBUG i.n.handler.codec.compression.Brotli - brotli4j not in the classpath; Brotli support will be unavailable.
20:43:02  DEBUG o.a.netty.handler.HttpHandler - 

Request DefaultHttpRequest(decodeResult: success, version: HTTP/1.1)
POST /session HTTP/1.1
User-Agent: selenium/4.4.0 (java windows)
Content-Length: 371
Content-Type: application/json; charset=utf-8
host: localhost:54543
accept: */*

Response DefaultHttpResponse(decodeResult: success, version: HTTP/1.1)
HTTP/1.1 500 Internal Server Error
Content-Type: application/json; charset=utf-8
cache-control: no-cache
content-length: 1645

20:43:02  DEBUG o.a.netty.channel.ChannelManager - Adding key: http://localhost:54543 for channel [id: 0x7863fffe, L:/127.0.0.1:56573 - R:localhost/127.0.0.1:54543]
20:43:02  DEBUG o.a.netty.handler.HttpHandler - Channel Closed: [id: 0x7863fffe, L:/127.0.0.1:56573 ! R:localhost/127.0.0.1:54543] with attribute DISCARD
20:43:03  INFO  tests.TestBase - Tests start---boardDeletion1
20:43:03  INFO  tests.TestBase - *******************************************************************************
